Arguments: 
  C:\Program Files\nodejs\node.exe C:\Program Files (x86)\Yarn\bin\yarn.js add moment

PATH: 
  C:\oraclexe\app\oracle\product\10.2.0\server\bin;C:\Program Files (x86)\Common Files\Oracle\Java\javapath;C:\Windows\system32;C:\Windows;C:\Windows\System32\Wbem;C:\Windows\System32\WindowsPowerShell\v1.0\;C:\ProgramData\chocolatey\bin;C:\Program Files\nodejs\;C:\Program Files\Git\cmd;C:\Program Files (x86)\Yarn\bin\;;C:\Users\Guilherme Pires\AppData\Local\Programs\Microsoft VS Code\bin;C:\Users\Guilherme Pires\AppData\Roaming\npm;C:\Users\Guilherme Pires\AppData\Local\hyper\app-3.0.2\resources\bin;C:\Users\Guilherme Pires\AppData\Local\Yarn\bin

Yarn version: 
  1.17.3

Node version: 
  11.10.1

Platform: 
  win32 x64

Trace: 
  Error: Client network socket disconnected before secure TLS connection was established
      at TLSSocket.onConnectEnd (_tls_wrap.js:1218:19)
      at Object.onceWrapper (events.js:285:13)
      at TLSSocket.emit (events.js:202:15)
      at endReadableNT (_stream_readable.js:1129:12)
      at processTicksAndRejections (internal/process/next_tick.js:76:17)

npm manifest: 
  {
    "name": "mvc-pedido",
    "version": "1.0.0",
    "main": "index.js",
    "license": "MIT",
    "dependencies": {
      "body-parser": "^1.19.0",
      "express": "^4.17.1",
      "mysql": "^2.17.1"
    },
    "devDependencies": {
      "nodemon": "^1.19.2"
    },
    "scripts": {
      "start": "nodemon server.js"
    }
  }

yarn manifest: 
  No manifest

Lockfile: 
  No lockfile
